[2023-01-26 17:53:18][all_train.py][line:50][INFO] =============== DATA LOADING =============
[2023-01-26 17:53:18][dataset.py][line:124][INFO] DATA LOADING...
[2023-01-26 17:53:18][dataset.py][line:125][INFO] DATASET: tadpole
[2023-01-26 17:53:18][dataset.py][line:150][INFO] Tadpole dataset Preprocessing ...
[2023-01-26 17:53:26][dataset.py][line:168][INFO] Grouped Info:
  White                4781
Black                 157
Asian                  97
More than one          36
Unknown                12
Am Indian/Alaskan       9
Hawaiian/Other PI       5
Name: PTRACCAT, dtype: int64
[2023-01-26 17:53:26][dataset.py][line:178][INFO] Grouped Info after processing:
 0    4781
1     157
2      97
3      62
Name: PTRACCAT, dtype: int64
[2023-01-26 17:53:32][all_train.py][line:91][INFO] Namespace(config='EXPS/tadpole_template.yml', method='ours', dataset='tadpole', sens_attrs='race', N_subtask=4, acc_bar=0.4, lower_rate=3, upper_rate=4, model_name='FcNet4', training_epoch=80, batch_size=50, max_inner=10, max_outer=5, lr_prior=0.001, lr_post=0.4, weight=0.4, divergence_type='W_Sqr', kappa_prior=0.01, kappa_post=0.001, log_var_init_mean=0.01, log_var_init_var=0.01, eps_std=0.08, n_MC=5, acc_bin=0.5, params={'n_bins': 5, 'interpolate_kind': 'linear'}, seed=0, use_wandb=False, wandb_username='YOURWANDBNAME', exp_name='toxic_race_example', train_inf_step=2, device=device(type='cpu'), log_var_init={'mean': 0.01, 'std': 0.01}, input_shape=17, output_dim=1)
[2023-01-26 17:54:59][fair_training.py][line:298][INFO] ===============Training Process=============
[2023-01-26 17:56:00][fair_training.py][line:316][INFO] The Initial overall accuracy is: 0.48366013071895425
