[2023-01-24 16:26:52][all_train.py][line:50][INFO] =============== DATA LOADING =============
[2023-01-24 16:26:52][dataset.py][line:124][INFO] DATA LOADING...
[2023-01-24 16:26:52][dataset.py][line:125][INFO] DATASET: toxic
[2023-01-24 16:26:52][dataset.py][line:446][INFO] TOXIC dataset pre-processed.
[2023-01-24 16:26:52][dataset.py][line:447][INFO] Sensitive Attribute is race, group is {'black': ['black'], 'white': ['white'], 'asian': ['asian'], 'other_race': ['latino', 'other_race_or_ethnicity']}
[2023-01-24 16:26:52][dataset.py][line:449][INFO] Accuracy bar is 0.4
[2023-01-24 16:26:55][dataset.py][line:381][INFO] TOXIC dataset Preprocessing ...
[2023-01-24 16:26:55][dataset.py][line:384][INFO] ## black
[2023-01-24 16:26:55][dataset.py][line:389][INFO] black examples num is: 15264
[2023-01-24 16:26:55][dataset.py][line:384][INFO] ## white
[2023-01-24 16:26:55][dataset.py][line:389][INFO] white examples num is: 26186
[2023-01-24 16:26:55][dataset.py][line:384][INFO] ## asian
[2023-01-24 16:26:55][dataset.py][line:389][INFO] asian examples num is: 3897
[2023-01-24 16:26:55][dataset.py][line:384][INFO] ## other_race
[2023-01-24 16:26:55][dataset.py][line:389][INFO] other_race examples num is: 1736
[2023-01-24 16:26:55][dataset.py][line:400][INFO] Task Dict: {0: 'others', 1: 'black', 2: 'white', 3: 'asian', 4: 'other_race'}
[2023-01-24 16:26:55][dataset.py][line:401][INFO] Grouped Info: 0.0    414812
2.0     20002
1.0      9145
3.0      3037
4.0      1004
Name: new_groups, dtype: int64
[2023-01-24 16:26:55][dataset.py][line:403][INFO] train: 
0.0    249032
2.0     12106
1.0      5503
3.0      1827
4.0       570
Name: new_groups, dtype: int64
[2023-01-24 16:26:55][dataset.py][line:403][INFO] test: 
0.0    124038
2.0      5772
1.0      2737
3.0       937
4.0       298
Name: new_groups, dtype: int64
[2023-01-24 16:26:55][dataset.py][line:403][INFO] val: 
0.0    41742
2.0     2124
1.0      905
3.0      273
4.0      136
Name: new_groups, dtype: int64
[2023-01-24 16:26:55][dataset.py][line:409][INFO] others toxicity is 0.12841261337443968
[2023-01-24 16:26:55][dataset.py][line:409][INFO] black toxicity is 0.32221311227962873
[2023-01-24 16:26:55][dataset.py][line:409][INFO] white toxicity is 0.2989624080578449
[2023-01-24 16:26:55][dataset.py][line:409][INFO] asian toxicity is 0.12338326578413271
[2023-01-24 16:26:55][dataset.py][line:409][INFO] other_race toxicity is 0.16404498980044838
[2023-01-24 16:26:57][dataset.py][line:424][INFO] TOXIC dataset Loaded.
[2023-01-24 16:26:57][dataset.py][line:75][INFO] SELECTED Data Info:
[2023-01-24 16:26:57][dataset.py][line:77][INFO] SELECTED Train Data: 269038 example with dim 768, y mean is 0.11881592934827051
[2023-01-24 16:26:57][dataset.py][line:82][INFO] SELECTED TRAIN [USER] are 5, maximum text per user is 249032, minimum text per user is 570, average text per user is 53807.6.
[2023-01-24 16:26:57][dataset.py][line:85][INFO] SELECTED TRAIN [LABEL] are [0 1], distribution is [237072  31966].
[2023-01-24 16:26:57][dataset.py][line:89][INFO] SELECTED Test Data: 133782 example with dim 768, y mean is 0.1188799689046359
[2023-01-24 16:26:57][dataset.py][line:94][INFO] SELECTED TEST [USER] are 5, maximum text per user is 124038, minimum text per user is 298, average text per user is 26756.4.
[2023-01-24 16:26:57][dataset.py][line:97][INFO] SELECTED TEST [LABEL] are [0 1], distribution is [117878  15904].
[2023-01-24 16:26:57][dataset.py][line:100][INFO] Added Information:
[2023-01-24 16:26:57][dataset.py][line:101][INFO] Train Data:
[2023-01-24 16:26:57][dataset.py][line:102][INFO] E(Y) = 0.11881592934827051
[2023-01-24 16:26:57][dataset.py][line:103][INFO] E(Y|a) = 0.19478722504258958
[2023-01-24 16:26:57][dataset.py][line:106][INFO] | E(Y|a)_train - E(Y|a)_train | mean = 0.08745465930035234
[2023-01-24 16:26:57][dataset.py][line:109][INFO] Test Data:
[2023-01-24 16:26:57][dataset.py][line:110][INFO] E(Y) = 0.1188799689046359
[2023-01-24 16:26:57][dataset.py][line:111][INFO] E(Y|a) = 0.18627254106720093
[2023-01-24 16:26:57][dataset.py][line:114][INFO] | E(Y|a)_test - E(Y|a)_test | mean = 0.08743982946252976
